\BOOKMARK [1][-]{section.1}{Versions}{}% 1
\BOOKMARK [1][-]{section.2}{Introduction}{}% 2
\BOOKMARK [1][-]{section.3}{An example}{}% 3
\BOOKMARK [1][-]{section.4}{Construction of the Python script}{}% 4
\BOOKMARK [1][-]{section.5}{Dependencies on the header files}{}% 5
\BOOKMARK [1][-]{section.6}{Priority between rules}{}% 6
\BOOKMARK [1][-]{section.7}{Taking into account several goals}{}% 7
\BOOKMARK [1][-]{section.8}{Post commands}{}% 8
\BOOKMARK [1][-]{section.9}{Deleting targets on error}{}% 9
\BOOKMARK [1][-]{section.10}{The goal clean}{}% 10
\BOOKMARK [2][-]{subsection.10.1}{Simulation of goal clean}{section.10}% 11
\BOOKMARK [1][-]{section.11}{Automatic opening of a source file on error}{}% 12
\BOOKMARK [1][-]{section.12}{Defining multiple targets for a rule}{}% 13
\BOOKMARK [1][-]{section.13}{The complete script build.py}{}% 14
\BOOKMARK [1][-]{section.14}{Other functions}{}% 15
\BOOKMARK [2][-]{subsection.14.1}{Color printing}{section.14}% 16
\BOOKMARK [2][-]{subsection.14.2}{The method enterError}{section.14}% 17
\BOOKMARK [2][-]{subsection.14.3}{The method errorCount}{section.14}% 18
\BOOKMARK [2][-]{subsection.14.4}{The method printErrorCount}{section.14}% 19
\BOOKMARK [2][-]{subsection.14.5}{Search for a file in a directory tree}{section.14}% 20
